<!DOCTYPE html>
<html>
<head>
    <title>Unittest Results</title>
    <meta charset="utf-8">
    <meta name="viewport" content="width=device-width, initial-scale=1.0">
    <link rel="stylesheet" href="https://maxcdn.bootstrapcdn.com/bootstrap/3.3.6/css/bootstrap.min.css" integrity="sha384-1q8mTJOASx8j1Au+a5WDVnPi2lkFfwwEAa8hDDdjZlpLegxhjVME1fgjWPGmkzs7" crossorigin="anonymous">
</head>
<body>
    <div class="container">
        <div class="row">
            <div class="col-xs-12">
                <h2 class="text-capitalize">Unittest Results</h2>
                <p class='attribute'><strong>Start Time: </strong>2023-05-30 09:49:37</p>
                <p class='attribute'><strong>Duration: </strong>18.76 s</p>
                <p class='attribute'><strong>Summary: </strong>Total: 1, Pass: 0, Error: 1</p>
            </div>
        </div>
        <div class="row">
            <div class="col-xs-12 col-sm-10 col-md-10">
                <table class='table table-hover table-responsive'>
                    <thead>
                        <tr>
                            <th>__main__.GoogleSearch</th>
                            <th>Status</th>
                            <th></th>
                        </tr>
                    </thead>
                    <tbody>
                        <tr class='warning'>
                            <td class="col-xs-10">test_search_automation</td>
                            <td class="col-xs-1">
                                <span class="label label-warning" style="display:block;width:40px;">Error</span>
                            </td>
                            <td class="col-xs-1">
                                <button class="btn btn-default btn-xs">View</button>
                            </td>
                        </tr>
                        <tr style="display:none;">
                            <td class="col-xs-9" colspan="3"><p style="color:maroon;">NoSuchElementException: Message: no such element: Unable to locate element: {"method":"css selector","selector":"[name="btnK1"]"}
  (Session info: chrome=113.0.5672.127)
Stacktrace:
Backtrace:
	GetHandleVerifier [0x00AB8893+48451]
	(No symbol) [0x00A4B8A1]
	(No symbol) [0x00955058]
	(No symbol) [0x00980467]
	(No symbol) [0x0098069B]
	(No symbol) [0x009ADD92]
	(No symbol) [0x0099A304]
	(No symbol) [0x009AC482]
	(No symbol) [0x0099A0B6]
	(No symbol) [0x00977E08]
	(No symbol) [0x00978F2D]
	GetHandleVerifier [0x00D18E3A+2540266]
	GetHandleVerifier [0x00D58959+2801161]
	GetHandleVerifier [0x00D5295C+2776588]
	GetHandleVerifier [0x00B42280+612144]
	(No symbol) [0x00A54F6C]
	(No symbol) [0x00A511D8]
	(No symbol) [0x00A512BB]
	(No symbol) [0x00A44857]
	BaseThreadInitThunk [0x759D7D59+25]
	RtlInitializeExceptionChain [0x770FB74B+107]
	RtlClearBits [0x770FB6CF+191]
</p><p style="color:maroon;">Traceback (most recent call last):
  File "C:\Users\Athreya S R\PycharmProjects\PythonSeleniumProject1\SampleProjects\GoogleSearchTest.py", line 31, in test_search_automation
    print(self.driver.find_element(By.NAME, "btnK1").text)
  File "C:\Users\Athreya S R\AppData\Local\Packages\PythonSoftwareFoundation.Python.3.10_qbz5n2kfra8p0\LocalCache\local-packages\Python310\site-packages\selenium\webdriver\remote\webdriver.py", line 830, in find_element
    return self.execute(Command.FIND_ELEMENT, {"using": by, "value": value})["value"]
  File "C:\Users\Athreya S R\AppData\Local\Packages\PythonSoftwareFoundation.Python.3.10_qbz5n2kfra8p0\LocalCache\local-packages\Python310\site-packages\selenium\webdriver\remote\webdriver.py", line 440, in execute
    self.error_handler.check_response(response)
  File "C:\Users\Athreya S R\AppData\Local\Packages\PythonSoftwareFoundation.Python.3.10_qbz5n2kfra8p0\LocalCache\local-packages\Python310\site-packages\selenium\webdriver\remote\errorhandler.py", line 245, in check_response
    raise exception_class(message, screen, stacktrace)
selenium.common.exceptions.NoSuchElementException: Message: no such element: Unable to locate element: {"method":"css selector","selector":"[name="btnK1"]"}
  (Session info: chrome=113.0.5672.127)
Stacktrace:
Backtrace:
	GetHandleVerifier [0x00AB8893+48451]
	(No symbol) [0x00A4B8A1]
	(No symbol) [0x00955058]
	(No symbol) [0x00980467]
	(No symbol) [0x0098069B]
	(No symbol) [0x009ADD92]
	(No symbol) [0x0099A304]
	(No symbol) [0x009AC482]
	(No symbol) [0x0099A0B6]
	(No symbol) [0x00977E08]
	(No symbol) [0x00978F2D]
	GetHandleVerifier [0x00D18E3A+2540266]
	GetHandleVerifier [0x00D58959+2801161]
	GetHandleVerifier [0x00D5295C+2776588]
	GetHandleVerifier [0x00B42280+612144]
	(No symbol) [0x00A54F6C]
	(No symbol) [0x00A511D8]
	(No symbol) [0x00A512BB]
	(No symbol) [0x00A44857]
	BaseThreadInitThunk [0x759D7D59+25]
	RtlInitializeExceptionChain [0x770FB74B+107]
	RtlClearBits [0x770FB6CF+191]

</p>
                            </td>
                        </tr>
                        <tr>
                            <td colspan="3">
                                Total: 1, Pass: 0, Error: 1 -- Duration: 18.76 s
                            </td>
                        </tr>
                    </tbody>
                </table>
            </div>
        </div>
    </div>
    <script src="https://ajax.googleapis.com/ajax/libs/jquery/2.2.4/jquery.min.js"></script>
    <script type="text/javascript">
        $(document).ready(function(){
            $('td').on('click', '.btn', function(e){
                e.preventDefault();
                e.stopImmediatePropagation();
                var $this = $(this);
                var $nextRow = $this.closest('tr').next('tr');
                $nextRow.slideToggle("fast");
                $this.text(function(i, text){
                    if (text === 'View') {
                        return 'Hide';
                    } else {
                        return 'View';
                    };
                });
            });
        });
    </script>
</body>
</html